#-----------------------------------------------------------
# Vivado v2018.1 (64-bit)
# SW Build 2188600 on Wed Apr  4 18:39:19 MDT 2018
# IP Build 2185939 on Wed Apr  4 20:55:05 MDT 2018
# Start of session at: Thu Jul 19 16:22:14 2018
# Process ID: 25915
# Current directory: /home/quinn0/JSONPacketParser
# Command line: vivado
# Log file: /home/quinn0/JSONPacketParser/vivado.log
# Journal file: /home/quinn0/JSONPacketParser/vivado.jou
#-----------------------------------------------------------
start_gui
open_project /home/graham0/Vivado_Projects/galapagos_wip/shells/projects/adm-8k5/adm-8k5.xpr
Scanning sources...
Finished scanning sources
INFO: [IP_Flow 19-234] Refreshing IP repositories
INFO: [IP_Flow 19-1700] Loaded user IP repository '/home/graham0/Vivado_Projects/galapagos_wip/hlsIP_adm-8k5'.
INFO: [IP_Flow 19-1700] Loaded user IP repository '/home/graham0/Vivado_Projects/galapagos_wip/shells/shell_ips'.
INFO: [IP_Flow 19-2313] Loaded Vivado IP repository '/opt/Xilinx/Vivado/2018.1/data/ip'.
WARNING: [IP_Flow 19-3664] IP 'bd_01e2_xpcs_0' generated file not found '/home/graham0/Vivado_Projects/galapagos_wip/.Xil/Vivado-19896-ug238/coregen/bd_01e2_xpcs_0_1/elaborate/configure_gt.tcl'. Please regenerate to continue.
WARNING: [BD 41-1663] The design 'shell.bd' cannot be modified due to following reason(s):
* Block design BD file is read-only. Please check file-permissions. 
* Project is read-only. Please run 'save_project_as' before making any change to the bd-design. 
* Block design BXML file is read-only. Please check file-permissions. 

WARNING: [BD 41-1661] One or more IPs have been locked in the design 'shell.bd'. Please run report_ip_status for more details and recommendations on how to fix this issue.
List of locked IPs:
shell_auto_cc_5
shell_auto_cc_0
shell_auto_cc_1
shell_auto_cc_2
shell_auto_cc_3
shell_auto_cc_4
shell_auto_us_df_0
shell_auto_cc_6
shell_tx_data_fifo_0_0
shell_rx_data_fifo_1_0
shell_rx_register_slice_1_0
shell_pcs_config_vector_0
shell_ddr4_0_0
shell_axi_gpio_0_0
shell_microblaze_0_0
shell_reverseEndian64_1_0
shell_reverseEndian64_0_0
shell_mem_interconnect_0
shell_blk_mem_gen_0_0
shell_util_vector_logic_1_0
shell_util_vector_logic_0_0
shell_microblaze_0_axi_periph_0
shell_clk_wiz_0_0
shell_lmb_bram_0
shell_vio_0_0
shell_axi_pr_controller_0_0
shell_ifg_delay_0
shell_util_vector_logic_1_1
shell_tx_ifg_tuser_0
shell_util_vector_logic_2_0
shell_axi_interconnect_0_0
shell_proc_sys_reset_1_0
shell_xbar_0
shell_xbar_1
shell_util_ds_buf_0
shell_xdma_0_0
shell_mdm_1_0
shell_rst_clk_wiz_0_100M_0
shell_s01_data_fifo_0
shell_vcc_0
shell_pr_decoupler_0_0
shell_dlmb_v10_0
shell_gnd_1
shell_ilmb_v10_0
shell_gnd_0
shell_dlmb_bram_if_cntlr_0
shell_ilmb_bram_if_cntlr_0
shell_axi_bram_ctrl_0_0
shell_xbar_2
shell_tx_register_slice_0_0
shell_axi_10g_ethernet_0_0
shell_auto_us_cc_df_0
shell_mac_config_vector_0

WARNING: [BD 41-1663] The design 'pr.bd' cannot be modified due to following reason(s):
* Block design BD file is read-only. Please check file-permissions. 
* Project is read-only. Please run 'save_project_as' before making any change to the bd-design. 
* Block design BXML file is read-only. Please check file-permissions. 

WARNING: [BD 41-1661] One or more IPs have been locked in the design 'pr.bd'. Please run report_ip_status for more details and recommendations on how to fix this issue.
List of locked IPs:
pr_axi_dwidth_converter_0_0
pr_pcl_axilite_bridge_0_0
pr_conv_layer_0_0
pr_axis_data_fifo_0_0
pr_pcl_axifull_bridge_0_0

open_project: Time (s): cpu = 00:00:53 ; elapsed = 00:00:28 . Memory (MB): peak = 6568.129 ; gain = 425.613 ; free physical = 52904 ; free virtual = 118331
update_compile_order -fileset sources_1
exit
INFO: [Common 17-206] Exiting Vivado at Thu Jul 19 16:46:47 2018...
