#-----------------------------------------------------------
# xsim v2018.1 (64-bit)
# SW Build 2188600 on Wed Apr  4 18:39:19 MDT 2018
# IP Build 2185939 on Wed Apr  4 20:55:05 MDT 2018
# Start of session at: Wed Jul 25 17:33:45 2018
# Process ID: 21635
# Current directory: /home/quinn0/JSONPacketParser/svtb
# Command line: xsim -source {xsim.dir/work.openFile/xsim_script.tcl}
# Log file: /home/quinn0/JSONPacketParser/svtb/xsim.log
# Journal file: /home/quinn0/JSONPacketParser/svtb/xsim.jou
#-----------------------------------------------------------
start_gui
source xsim.dir/work.openFile/xsim_script.tcl
# set_param project.enableReportConfiguration 0
# load_feature core
# current_fileset
INFO: [IP_Flow 19-234] Refreshing IP repositories
INFO: [IP_Flow 19-1704] No user IP repositories specified
INFO: [IP_Flow 19-2313] Loaded Vivado IP repository '/opt/Xilinx/Vivado/2018.1/data/ip'.
# xsim {work.openFile} -autoloadwcfg
Vivado Simulator 2018.1
Time resolution is 1 ps
run all
Opening File
          1
          2
          3
          4
          5
          6
Closing File
close_sim
INFO: [Simtcl 6-16] Simulation closed
exit
INFO: [Common 17-206] Exiting xsim at Wed Jul 25 17:38:10 2018...
